<?xml version="1.0" encoding="UTF-8"?>
<!-- Generated by org.testng.reporters.JUnitReportReporter -->
<testsuite skipped="0" hostname="DESKTOP-9QJMC74" name="test.framework2" tests="3" failures="0" timestamp="01 Mar 2018 15:32:38 GMT" time="0.005" errors="0">
  <testcase name="apilogin" time="0.002" classname="test.framework2"/>
  <testcase name="mobilelogin" time="0.002" classname="test.framework2"/>
  <testcase name="weblogin" time="0.001" classname="test.framework2"/>
</testsuite> <!-- test.framework2 -->
