<?xml version="1.0" encoding="UTF-8"?>
<!-- Generated by org.testng.reporters.JUnitReportReporter -->
<testsuite skipped="0" hostname="DESKTOP-9QJMC74" name="test.framework3" tests="6" failures="0" timestamp="01 Mar 2018 16:01:42 GMT" time="0.010" errors="0">
  <testcase name="mobileloginhome" time="0.002" classname="test.framework3"/>
  <testcase name="webloginhome" time="0.001" classname="test.framework3"/>
  <testcase name="mobileloginhome" time="0.001" classname="test.framework3"/>
  <testcase name="webloginhome" time="0.001" classname="test.framework3"/>
  <testcase name="apiloginhome" time="0.003" classname="test.framework3"/>
  <testcase name="apiloginhome" time="0.002" classname="test.framework3"/>
</testsuite> <!-- test.framework3 -->
