<?xml version="1.0" encoding="UTF-8"?>
<!-- Generated by org.testng.reporters.JUnitReportReporter -->
<testsuite skipped="0" hostname="DESKTOP-9QJMC74" name="test.framework1" tests="1" failures="0" timestamp="01 Mar 2018 16:01:42 GMT" time="0.002" errors="0">
  <testcase name="username" time="0.002" classname="test.framework1"/>
</testsuite> <!-- test.framework1 -->
